<?xml version="1.0" encoding="UTF-8"?>
<testsuite name="bankSimulator.model.AccountTest" tests="3" skipped="0" failures="0" errors="0" timestamp="2026-01-29T03:15:42.430Z" hostname="DESKTOP-LJ5G134" time="0.026">
  <properties/>
  <testcase name="Checking the adding of accounts to a user" classname="bankSimulator.model.AccountTest" time="0.022"/>
  <testcase name="Check account info method returns correct string" classname="bankSimulator.model.AccountTest" time="0.001"/>
  <testcase name="Account should have correct ID" classname="bankSimulator.model.AccountTest" time="0.001"/>
  <system-out><![CDATA[]]></system-out>
  <system-err><![CDATA[]]></system-err>
</testsuite>
