<?xml version="1.0" encoding="UTF-8"?>
<testsuite name="bankSimulator.model.AccountTest" tests="2" skipped="0" failures="0" errors="0" timestamp="2026-01-28T04:21:59.564Z" hostname="DESKTOP-LJ5G134" time="0.035">
  <properties/>
  <testcase name="Check account info method returns correct string" classname="bankSimulator.model.AccountTest" time="0.033"/>
  <testcase name="Account should have correct ID" classname="bankSimulator.model.AccountTest" time="0.001"/>
  <system-out><![CDATA[]]></system-out>
  <system-err><![CDATA[]]></system-err>
</testsuite>
